2023-06-26 18:43:19,694 [INFO] from play.api.db.DefaultDBApi in play-dev-mode-akka.actor.default-dispatcher-4 - Database [default] initialized
2023-06-26 18:43:19,700 [INFO] from play.api.db.HikariCPConnectionPool in play-dev-mode-akka.actor.default-dispatcher-4 - Creating Pool for datasource 'default'
2023-06-26 18:43:19,727 [INFO] from play.api.db.HikariCPConnectionPool in play-dev-mode-akka.actor.default-dispatcher-4 - datasource [default] bound to JNDI as DefaultDS
2023-06-26 18:43:21,283 [ERROR] from play.api.http.DevHttpErrorHandler in play-dev-mode-akka.actor.default-dispatcher-4 - 

! @823g9h4nn - Internal server error, for (GET) [/employee] ->
 
play.api.UnexpectedException: Unexpected exception[CreationException: Unable to create injector, see the following errors:

1) Error injecting constructor, javax.persistence.PersistenceException: Error attempting to apply AttributeConverter
  at AdminInitializer.<init>(AdminInitializer.java:21)
  at Module.configure(Module.java:35) (via modules: com.google.inject.util.Modules$OverrideModule -> Module)
  while locating AdminInitializer

1 error]
	at play.core.server.DevServerStart$$anon$1.reload(DevServerStart.scala:254)
	at play.core.server.DevServerStart$$anon$1.get(DevServerStart.scala:148)
	at play.core.server.AkkaHttpServer.handleRequest(AkkaHttpServer.scala:310)
	at play.core.server.AkkaHttpServer.$anonfun$createServerBinding$1(AkkaHttpServer.scala:227)
	at akka.stream.impl.fusing.MapAsync$$anon$30.onPush(Ops.scala:1309)
	at akka.stream.impl.fusing.GraphInterpreter.processPush(GraphInterpreter.scala:542)
	at akka.stream.impl.fusing.GraphInterpreter.processEvent(GraphInterpreter.scala:496)
	at akka.stream.impl.fusing.GraphInterpreter.execute(GraphInterpreter.scala:390)
	at akka.stream.impl.fusing.GraphInterpreterShell.runBatch(ActorGraphInterpreter.scala:650)
	at akka.stream.impl.fusing.GraphInterpreterShell$AsyncInput.execute(ActorGraphInterpreter.scala:521)
	at akka.stream.impl.fusing.GraphInterpreterShell.processEvent(ActorGraphInterpreter.scala:625)
	at akka.stream.impl.fusing.ActorGraphInterpreter.akka$stream$impl$fusing$ActorGraphInterpreter$$processEvent(ActorGraphInterpreter.scala:800)
	at akka.stream.impl.fusing.ActorGraphInterpreter$$anonfun$receive$1.applyOrElse(ActorGraphInterpreter.scala:818)
	at akka.actor.Actor.aroundReceive(Actor.scala:537)
	at akka.actor.Actor.aroundReceive$(Actor.scala:535)
	at akka.stream.impl.fusing.ActorGraphInterpreter.aroundReceive(ActorGraphInterpreter.scala:716)
	at akka.actor.ActorCell.receiveMessage(ActorCell.scala:579)
	at akka.actor.ActorCell.invoke(ActorCell.scala:547)
	at akka.dispatch.Mailbox.processMailbox(Mailbox.scala:270)
	at akka.dispatch.Mailbox.run(Mailbox.scala:231)
	at akka.dispatch.Mailbox.exec(Mailbox.scala:243)
	at java.base/java.util.concurrent.ForkJoinTask.doExec(ForkJoinTask.java:290)
	at java.base/java.util.concurrent.ForkJoinPool$WorkQueue.topLevelExec(ForkJoinPool.java:1020)
	at java.base/java.util.concurrent.ForkJoinPool.scan(ForkJoinPool.java:1656)
	at java.base/java.util.concurrent.ForkJoinPool.runWorker(ForkJoinPool.java:1594)
	at java.base/java.util.concurrent.ForkJoinWorkerThread.run(ForkJoinWorkerThread.java:183)
Caused by: com.google.inject.CreationException: Unable to create injector, see the following errors:

1) Error injecting constructor, javax.persistence.PersistenceException: Error attempting to apply AttributeConverter
  at AdminInitializer.<init>(AdminInitializer.java:21)
  at Module.configure(Module.java:35) (via modules: com.google.inject.util.Modules$OverrideModule -> Module)
  while locating AdminInitializer

1 error
	at com.google.inject.internal.Errors.throwCreationExceptionIfErrorsExist(Errors.java:554)
	at com.google.inject.internal.InternalInjectorCreator.injectDynamically(InternalInjectorCreator.java:188)
	at com.google.inject.internal.InternalInjectorCreator.build(InternalInjectorCreator.java:111)
	at com.google.inject.Guice.createInjector(Guice.java:87)
	at com.google.inject.Guice.createInjector(Guice.java:78)
	at play.api.inject.guice.GuiceBuilder.injector(GuiceInjectorBuilder.scala:201)
	at play.api.inject.guice.GuiceApplicationBuilder.build(GuiceApplicationBuilder.scala:155)
	at play.api.inject.guice.GuiceApplicationLoader.load(GuiceApplicationLoader.scala:21)
	at play.core.server.DevServerStart$$anon$1.$anonfun$reload$2(DevServerStart.scala:193)
	at play.utils.Threads$.withContextClassLoader(Threads.scala:22)
	at play.core.server.DevServerStart$$anon$1.reload(DevServerStart.scala:185)
	... 25 common frames omitted
Caused by: javax.persistence.PersistenceException: Error attempting to apply AttributeConverter
	at org.hibernate.type.descriptor.converter.AttributeConverterSqlTypeDescriptorAdapter$2.doConversion(AttributeConverterSqlTypeDescriptorAdapter.java:148)
	at org.hibernate.type.descriptor.converter.AttributeConverterSqlTypeDescriptorAdapter$2.extract(AttributeConverterSqlTypeDescriptorAdapter.java:121)
	at org.hibernate.type.AbstractStandardBasicType.nullSafeGet(AbstractStandardBasicType.java:257)
	at org.hibernate.type.AbstractStandardBasicType.nullSafeGet(AbstractStandardBasicType.java:253)
	at org.hibernate.type.AbstractStandardBasicType.nullSafeGet(AbstractStandardBasicType.java:243)
	at org.hibernate.type.AbstractStandardBasicType.hydrate(AbstractStandardBasicType.java:329)
	at org.hibernate.persister.entity.AbstractEntityPersister.hydrate(AbstractEntityPersister.java:3214)
	at org.hibernate.loader.Loader.loadFromResultSet(Loader.java:1887)
	at org.hibernate.loader.Loader.hydrateEntityState(Loader.java:1811)
	at org.hibernate.loader.Loader.instanceNotYetLoaded(Loader.java:1784)
	at org.hibernate.loader.Loader.getRow(Loader.java:1624)
	at org.hibernate.loader.Loader.getRowFromResultSet(Loader.java:748)
	at org.hibernate.loader.Loader.getRowsFromResultSet(Loader.java:1047)
	at org.hibernate.loader.Loader.processResultSet(Loader.java:998)
	at org.hibernate.loader.Loader.doQuery(Loader.java:967)
	at org.hibernate.loader.Loader.doQueryAndInitializeNonLazyCollections(Loader.java:357)
	at org.hibernate.loader.Loader.doList(Loader.java:2868)
	at org.hibernate.loader.Loader.doList(Loader.java:2850)
	at org.hibernate.loader.Loader.listIgnoreQueryCache(Loader.java:2682)
	at org.hibernate.loader.Loader.list(Loader.java:2677)
	at org.hibernate.loader.hql.QueryLoader.list(QueryLoader.java:540)
	at org.hibernate.hql.internal.ast.QueryTranslatorImpl.list(QueryTranslatorImpl.java:400)
	at org.hibernate.engine.query.spi.HQLQueryPlan.performList(HQLQueryPlan.java:218)
	at org.hibernate.internal.SessionImpl.list(SessionImpl.java:1459)
	at org.hibernate.query.internal.AbstractProducedQuery.doList(AbstractProducedQuery.java:1649)
	at org.hibernate.query.internal.AbstractProducedQuery.list(AbstractProducedQuery.java:1617)
	at org.hibernate.query.Query.getResultList(Query.java:165)
	at AdminInitializer.lambda$createDefaultAdmin$0(AdminInitializer.java:31)
	at play.db.jpa.DefaultJPAApi.lambda$withTransaction$1(DefaultJPAApi.java:112)
	at play.db.jpa.DefaultJPAApi.withTransaction(DefaultJPAApi.java:169)
	at play.db.jpa.DefaultJPAApi.withTransaction(DefaultJPAApi.java:126)
	at play.db.jpa.DefaultJPAApi.withTransaction(DefaultJPAApi.java:101)
	at play.db.jpa.DefaultJPAApi.withTransaction(DefaultJPAApi.java:110)
	at AdminInitializer.createDefaultAdmin(AdminInitializer.java:26)
	at AdminInitializer.<init>(AdminInitializer.java:23)
	at AdminInitializer$$FastClassByGuice$$5a37b833.newInstance(<generated>)
	at com.google.inject.internal.DefaultConstructionProxyFactory$FastClassProxy.newInstance(DefaultConstructionProxyFactory.java:89)
	at com.google.inject.internal.ConstructorInjector.provision(ConstructorInjector.java:114)
	at com.google.inject.internal.ConstructorInjector.construct(ConstructorInjector.java:91)
	at com.google.inject.internal.ConstructorBindingImpl$Factory.get(ConstructorBindingImpl.java:306)
	at com.google.inject.internal.ProviderToInternalFactoryAdapter.get(ProviderToInternalFactoryAdapter.java:40)
	at com.google.inject.internal.SingletonScope$1.get(SingletonScope.java:168)
	at com.google.inject.internal.InternalFactoryToProviderAdapter.get(InternalFactoryToProviderAdapter.java:39)
	at com.google.inject.internal.InternalInjectorCreator.loadEagerSingletons(InternalInjectorCreator.java:213)
	at com.google.inject.internal.InternalInjectorCreator.injectDynamically(InternalInjectorCreator.java:184)
	... 34 common frames omitted
Caused by: java.lang.IllegalArgumentException: Unsupported role: null
	at models.RoleConverter.convertToEntityAttribute(RoleConverter.java:29)
	at models.RoleConverter.convertToEntityAttribute(RoleConverter.java:6)
	at org.hibernate.metamodel.model.convert.internal.JpaAttributeConverterImpl.toDomainValue(JpaAttributeConverterImpl.java:45)
	at org.hibernate.type.descriptor.converter.AttributeConverterSqlTypeDescriptorAdapter$2.doConversion(AttributeConverterSqlTypeDescriptorAdapter.java:140)
	... 78 common frames omitted
2023-06-26 18:46:57,406 [INFO] from play.api.db.DefaultDBApi in play-dev-mode-akka.actor.default-dispatcher-7 - Database [default] initialized
2023-06-26 18:46:57,407 [INFO] from play.api.db.HikariCPConnectionPool in play-dev-mode-akka.actor.default-dispatcher-7 - Creating Pool for datasource 'default'
2023-06-26 18:46:57,409 [INFO] from play.api.db.HikariCPConnectionPool in play-dev-mode-akka.actor.default-dispatcher-7 - datasource [default] bound to JNDI as DefaultDS
2023-06-26 18:46:57,656 [ERROR] from play.api.http.DevHttpErrorHandler in play-dev-mode-akka.actor.default-dispatcher-7 - 

! @823ga3d26 - Internal server error, for (GET) [/employee] ->
 
play.api.UnexpectedException: Unexpected exception[CreationException: Unable to create injector, see the following errors:

1) Error injecting constructor, javax.persistence.PersistenceException: Error attempting to apply AttributeConverter
  at AdminInitializer.<init>(AdminInitializer.java:21)
  at Module.configure(Module.java:35) (via modules: com.google.inject.util.Modules$OverrideModule -> Module)
  while locating AdminInitializer

1 error]
	at play.core.server.DevServerStart$$anon$1.reload(DevServerStart.scala:254)
	at play.core.server.DevServerStart$$anon$1.get(DevServerStart.scala:148)
	at play.core.server.AkkaHttpServer.handleRequest(AkkaHttpServer.scala:310)
	at play.core.server.AkkaHttpServer.$anonfun$createServerBinding$1(AkkaHttpServer.scala:227)
	at akka.stream.impl.fusing.MapAsync$$anon$30.onPush(Ops.scala:1309)
	at akka.stream.impl.fusing.GraphInterpreter.processPush(GraphInterpreter.scala:542)
	at akka.stream.impl.fusing.GraphInterpreter.processEvent(GraphInterpreter.scala:496)
	at akka.stream.impl.fusing.GraphInterpreter.execute(GraphInterpreter.scala:390)
	at akka.stream.impl.fusing.GraphInterpreterShell.runBatch(ActorGraphInterpreter.scala:650)
	at akka.stream.impl.fusing.GraphInterpreterShell$AsyncInput.execute(ActorGraphInterpreter.scala:521)
	at akka.stream.impl.fusing.GraphInterpreterShell.processEvent(ActorGraphInterpreter.scala:625)
	at akka.stream.impl.fusing.ActorGraphInterpreter.akka$stream$impl$fusing$ActorGraphInterpreter$$processEvent(ActorGraphInterpreter.scala:800)
	at akka.stream.impl.fusing.ActorGraphInterpreter$$anonfun$receive$1.applyOrElse(ActorGraphInterpreter.scala:818)
	at akka.actor.Actor.aroundReceive(Actor.scala:537)
	at akka.actor.Actor.aroundReceive$(Actor.scala:535)
	at akka.stream.impl.fusing.ActorGraphInterpreter.aroundReceive(ActorGraphInterpreter.scala:716)
	at akka.actor.ActorCell.receiveMessage(ActorCell.scala:579)
	at akka.actor.ActorCell.invoke(ActorCell.scala:547)
	at akka.dispatch.Mailbox.processMailbox(Mailbox.scala:270)
	at akka.dispatch.Mailbox.run(Mailbox.scala:231)
	at akka.dispatch.Mailbox.exec(Mailbox.scala:243)
	at java.base/java.util.concurrent.ForkJoinTask.doExec(ForkJoinTask.java:290)
	at java.base/java.util.concurrent.ForkJoinPool$WorkQueue.topLevelExec(ForkJoinPool.java:1020)
	at java.base/java.util.concurrent.ForkJoinPool.scan(ForkJoinPool.java:1656)
	at java.base/java.util.concurrent.ForkJoinPool.runWorker(ForkJoinPool.java:1594)
	at java.base/java.util.concurrent.ForkJoinWorkerThread.run(ForkJoinWorkerThread.java:183)
Caused by: com.google.inject.CreationException: Unable to create injector, see the following errors:

1) Error injecting constructor, javax.persistence.PersistenceException: Error attempting to apply AttributeConverter
  at AdminInitializer.<init>(AdminInitializer.java:21)
  at Module.configure(Module.java:35) (via modules: com.google.inject.util.Modules$OverrideModule -> Module)
  while locating AdminInitializer

1 error
	at com.google.inject.internal.Errors.throwCreationExceptionIfErrorsExist(Errors.java:554)
	at com.google.inject.internal.InternalInjectorCreator.injectDynamically(InternalInjectorCreator.java:188)
	at com.google.inject.internal.InternalInjectorCreator.build(InternalInjectorCreator.java:111)
	at com.google.inject.Guice.createInjector(Guice.java:87)
	at com.google.inject.Guice.createInjector(Guice.java:78)
	at play.api.inject.guice.GuiceBuilder.injector(GuiceInjectorBuilder.scala:201)
	at play.api.inject.guice.GuiceApplicationBuilder.build(GuiceApplicationBuilder.scala:155)
	at play.api.inject.guice.GuiceApplicationLoader.load(GuiceApplicationLoader.scala:21)
	at play.core.server.DevServerStart$$anon$1.$anonfun$reload$2(DevServerStart.scala:193)
	at play.utils.Threads$.withContextClassLoader(Threads.scala:22)
	at play.core.server.DevServerStart$$anon$1.reload(DevServerStart.scala:185)
	... 25 common frames omitted
Caused by: javax.persistence.PersistenceException: Error attempting to apply AttributeConverter
	at org.hibernate.type.descriptor.converter.AttributeConverterSqlTypeDescriptorAdapter$2.doConversion(AttributeConverterSqlTypeDescriptorAdapter.java:148)
	at org.hibernate.type.descriptor.converter.AttributeConverterSqlTypeDescriptorAdapter$2.extract(AttributeConverterSqlTypeDescriptorAdapter.java:121)
	at org.hibernate.type.AbstractStandardBasicType.nullSafeGet(AbstractStandardBasicType.java:257)
	at org.hibernate.type.AbstractStandardBasicType.nullSafeGet(AbstractStandardBasicType.java:253)
	at org.hibernate.type.AbstractStandardBasicType.nullSafeGet(AbstractStandardBasicType.java:243)
	at org.hibernate.type.AbstractStandardBasicType.hydrate(AbstractStandardBasicType.java:329)
	at org.hibernate.persister.entity.AbstractEntityPersister.hydrate(AbstractEntityPersister.java:3214)
	at org.hibernate.loader.Loader.loadFromResultSet(Loader.java:1887)
	at org.hibernate.loader.Loader.hydrateEntityState(Loader.java:1811)
	at org.hibernate.loader.Loader.instanceNotYetLoaded(Loader.java:1784)
	at org.hibernate.loader.Loader.getRow(Loader.java:1624)
	at org.hibernate.loader.Loader.getRowFromResultSet(Loader.java:748)
	at org.hibernate.loader.Loader.getRowsFromResultSet(Loader.java:1047)
	at org.hibernate.loader.Loader.processResultSet(Loader.java:998)
	at org.hibernate.loader.Loader.doQuery(Loader.java:967)
	at org.hibernate.loader.Loader.doQueryAndInitializeNonLazyCollections(Loader.java:357)
	at org.hibernate.loader.Loader.doList(Loader.java:2868)
	at org.hibernate.loader.Loader.doList(Loader.java:2850)
	at org.hibernate.loader.Loader.listIgnoreQueryCache(Loader.java:2682)
	at org.hibernate.loader.Loader.list(Loader.java:2677)
	at org.hibernate.loader.hql.QueryLoader.list(QueryLoader.java:540)
	at org.hibernate.hql.internal.ast.QueryTranslatorImpl.list(QueryTranslatorImpl.java:400)
	at org.hibernate.engine.query.spi.HQLQueryPlan.performList(HQLQueryPlan.java:218)
	at org.hibernate.internal.SessionImpl.list(SessionImpl.java:1459)
	at org.hibernate.query.internal.AbstractProducedQuery.doList(AbstractProducedQuery.java:1649)
	at org.hibernate.query.internal.AbstractProducedQuery.list(AbstractProducedQuery.java:1617)
	at org.hibernate.query.Query.getResultList(Query.java:165)
	at AdminInitializer.lambda$createDefaultAdmin$0(AdminInitializer.java:31)
	at play.db.jpa.DefaultJPAApi.lambda$withTransaction$1(DefaultJPAApi.java:112)
	at play.db.jpa.DefaultJPAApi.withTransaction(DefaultJPAApi.java:169)
	at play.db.jpa.DefaultJPAApi.withTransaction(DefaultJPAApi.java:126)
	at play.db.jpa.DefaultJPAApi.withTransaction(DefaultJPAApi.java:101)
	at play.db.jpa.DefaultJPAApi.withTransaction(DefaultJPAApi.java:110)
	at AdminInitializer.createDefaultAdmin(AdminInitializer.java:26)
	at AdminInitializer.<init>(AdminInitializer.java:23)
	at AdminInitializer$$FastClassByGuice$$5a37b833.newInstance(<generated>)
	at com.google.inject.internal.DefaultConstructionProxyFactory$FastClassProxy.newInstance(DefaultConstructionProxyFactory.java:89)
	at com.google.inject.internal.ConstructorInjector.provision(ConstructorInjector.java:114)
	at com.google.inject.internal.ConstructorInjector.construct(ConstructorInjector.java:91)
	at com.google.inject.internal.ConstructorBindingImpl$Factory.get(ConstructorBindingImpl.java:306)
	at com.google.inject.internal.ProviderToInternalFactoryAdapter.get(ProviderToInternalFactoryAdapter.java:40)
	at com.google.inject.internal.SingletonScope$1.get(SingletonScope.java:168)
	at com.google.inject.internal.InternalFactoryToProviderAdapter.get(InternalFactoryToProviderAdapter.java:39)
	at com.google.inject.internal.InternalInjectorCreator.loadEagerSingletons(InternalInjectorCreator.java:213)
	at com.google.inject.internal.InternalInjectorCreator.injectDynamically(InternalInjectorCreator.java:184)
	... 34 common frames omitted
Caused by: java.lang.IllegalArgumentException: Unsupported role: null
	at models.RoleConverter.convertToEntityAttribute(RoleConverter.java:29)
	at models.RoleConverter.convertToEntityAttribute(RoleConverter.java:6)
	at org.hibernate.metamodel.model.convert.internal.JpaAttributeConverterImpl.toDomainValue(JpaAttributeConverterImpl.java:45)
	at org.hibernate.type.descriptor.converter.AttributeConverterSqlTypeDescriptorAdapter$2.doConversion(AttributeConverterSqlTypeDescriptorAdapter.java:140)
	... 78 common frames omitted
2023-06-26 18:53:33,015 [INFO] from play.api.db.DefaultDBApi in play-dev-mode-akka.actor.default-dispatcher-8 - Database [default] initialized
2023-06-26 18:53:33,015 [INFO] from play.api.db.HikariCPConnectionPool in play-dev-mode-akka.actor.default-dispatcher-8 - Creating Pool for datasource 'default'
2023-06-26 18:53:33,017 [INFO] from play.api.db.HikariCPConnectionPool in play-dev-mode-akka.actor.default-dispatcher-8 - datasource [default] bound to JNDI as DefaultDS
2023-06-26 18:53:33,407 [ERROR] from play.api.http.DevHttpErrorHandler in play-dev-mode-akka.actor.default-dispatcher-8 - 

! @823gb00b7 - Internal server error, for (GET) [/employee] ->
 
play.api.UnexpectedException: Unexpected exception[CreationException: Unable to create injector, see the following errors:

1) Error injecting constructor, javax.persistence.PersistenceException: Error attempting to apply AttributeConverter
  at AdminInitializer.<init>(AdminInitializer.java:21)
  at Module.configure(Module.java:35) (via modules: com.google.inject.util.Modules$OverrideModule -> Module)
  while locating AdminInitializer

1 error]
	at play.core.server.DevServerStart$$anon$1.reload(DevServerStart.scala:254)
	at play.core.server.DevServerStart$$anon$1.get(DevServerStart.scala:148)
	at play.core.server.AkkaHttpServer.handleRequest(AkkaHttpServer.scala:310)
	at play.core.server.AkkaHttpServer.$anonfun$createServerBinding$1(AkkaHttpServer.scala:227)
	at akka.stream.impl.fusing.MapAsync$$anon$30.onPush(Ops.scala:1309)
	at akka.stream.impl.fusing.GraphInterpreter.processPush(GraphInterpreter.scala:542)
	at akka.stream.impl.fusing.GraphInterpreter.processEvent(GraphInterpreter.scala:496)
	at akka.stream.impl.fusing.GraphInterpreter.execute(GraphInterpreter.scala:390)
	at akka.stream.impl.fusing.GraphInterpreterShell.runBatch(ActorGraphInterpreter.scala:650)
	at akka.stream.impl.fusing.GraphInterpreterShell$AsyncInput.execute(ActorGraphInterpreter.scala:521)
	at akka.stream.impl.fusing.GraphInterpreterShell.processEvent(ActorGraphInterpreter.scala:625)
	at akka.stream.impl.fusing.ActorGraphInterpreter.akka$stream$impl$fusing$ActorGraphInterpreter$$processEvent(ActorGraphInterpreter.scala:800)
	at akka.stream.impl.fusing.ActorGraphInterpreter$$anonfun$receive$1.applyOrElse(ActorGraphInterpreter.scala:818)
	at akka.actor.Actor.aroundReceive(Actor.scala:537)
	at akka.actor.Actor.aroundReceive$(Actor.scala:535)
	at akka.stream.impl.fusing.ActorGraphInterpreter.aroundReceive(ActorGraphInterpreter.scala:716)
	at akka.actor.ActorCell.receiveMessage(ActorCell.scala:579)
	at akka.actor.ActorCell.invoke(ActorCell.scala:547)
	at akka.dispatch.Mailbox.processMailbox(Mailbox.scala:270)
	at akka.dispatch.Mailbox.run(Mailbox.scala:231)
	at akka.dispatch.Mailbox.exec(Mailbox.scala:243)
	at java.base/java.util.concurrent.ForkJoinTask.doExec(ForkJoinTask.java:290)
	at java.base/java.util.concurrent.ForkJoinPool$WorkQueue.topLevelExec(ForkJoinPool.java:1020)
	at java.base/java.util.concurrent.ForkJoinPool.scan(ForkJoinPool.java:1656)
	at java.base/java.util.concurrent.ForkJoinPool.runWorker(ForkJoinPool.java:1594)
	at java.base/java.util.concurrent.ForkJoinWorkerThread.run(ForkJoinWorkerThread.java:183)
Caused by: com.google.inject.CreationException: Unable to create injector, see the following errors:

1) Error injecting constructor, javax.persistence.PersistenceException: Error attempting to apply AttributeConverter
  at AdminInitializer.<init>(AdminInitializer.java:21)
  at Module.configure(Module.java:35) (via modules: com.google.inject.util.Modules$OverrideModule -> Module)
  while locating AdminInitializer

1 error
	at com.google.inject.internal.Errors.throwCreationExceptionIfErrorsExist(Errors.java:554)
	at com.google.inject.internal.InternalInjectorCreator.injectDynamically(InternalInjectorCreator.java:188)
	at com.google.inject.internal.InternalInjectorCreator.build(InternalInjectorCreator.java:111)
	at com.google.inject.Guice.createInjector(Guice.java:87)
	at com.google.inject.Guice.createInjector(Guice.java:78)
	at play.api.inject.guice.GuiceBuilder.injector(GuiceInjectorBuilder.scala:201)
	at play.api.inject.guice.GuiceApplicationBuilder.build(GuiceApplicationBuilder.scala:155)
	at play.api.inject.guice.GuiceApplicationLoader.load(GuiceApplicationLoader.scala:21)
	at play.core.server.DevServerStart$$anon$1.$anonfun$reload$2(DevServerStart.scala:193)
	at play.utils.Threads$.withContextClassLoader(Threads.scala:22)
	at play.core.server.DevServerStart$$anon$1.reload(DevServerStart.scala:185)
	... 25 common frames omitted
Caused by: javax.persistence.PersistenceException: Error attempting to apply AttributeConverter
	at org.hibernate.type.descriptor.converter.AttributeConverterSqlTypeDescriptorAdapter$2.doConversion(AttributeConverterSqlTypeDescriptorAdapter.java:148)
	at org.hibernate.type.descriptor.converter.AttributeConverterSqlTypeDescriptorAdapter$2.extract(AttributeConverterSqlTypeDescriptorAdapter.java:121)
	at org.hibernate.type.AbstractStandardBasicType.nullSafeGet(AbstractStandardBasicType.java:257)
	at org.hibernate.type.AbstractStandardBasicType.nullSafeGet(AbstractStandardBasicType.java:253)
	at org.hibernate.type.AbstractStandardBasicType.nullSafeGet(AbstractStandardBasicType.java:243)
	at org.hibernate.type.AbstractStandardBasicType.hydrate(AbstractStandardBasicType.java:329)
	at org.hibernate.persister.entity.AbstractEntityPersister.hydrate(AbstractEntityPersister.java:3214)
	at org.hibernate.loader.Loader.loadFromResultSet(Loader.java:1887)
	at org.hibernate.loader.Loader.hydrateEntityState(Loader.java:1811)
	at org.hibernate.loader.Loader.instanceNotYetLoaded(Loader.java:1784)
	at org.hibernate.loader.Loader.getRow(Loader.java:1624)
	at org.hibernate.loader.Loader.getRowFromResultSet(Loader.java:748)
	at org.hibernate.loader.Loader.getRowsFromResultSet(Loader.java:1047)
	at org.hibernate.loader.Loader.processResultSet(Loader.java:998)
	at org.hibernate.loader.Loader.doQuery(Loader.java:967)
	at org.hibernate.loader.Loader.doQueryAndInitializeNonLazyCollections(Loader.java:357)
	at org.hibernate.loader.Loader.doList(Loader.java:2868)
	at org.hibernate.loader.Loader.doList(Loader.java:2850)
	at org.hibernate.loader.Loader.listIgnoreQueryCache(Loader.java:2682)
	at org.hibernate.loader.Loader.list(Loader.java:2677)
	at org.hibernate.loader.hql.QueryLoader.list(QueryLoader.java:540)
	at org.hibernate.hql.internal.ast.QueryTranslatorImpl.list(QueryTranslatorImpl.java:400)
	at org.hibernate.engine.query.spi.HQLQueryPlan.performList(HQLQueryPlan.java:218)
	at org.hibernate.internal.SessionImpl.list(SessionImpl.java:1459)
	at org.hibernate.query.internal.AbstractProducedQuery.doList(AbstractProducedQuery.java:1649)
	at org.hibernate.query.internal.AbstractProducedQuery.list(AbstractProducedQuery.java:1617)
	at org.hibernate.query.Query.getResultList(Query.java:165)
	at AdminInitializer.lambda$createDefaultAdmin$0(AdminInitializer.java:31)
	at play.db.jpa.DefaultJPAApi.lambda$withTransaction$1(DefaultJPAApi.java:112)
	at play.db.jpa.DefaultJPAApi.withTransaction(DefaultJPAApi.java:169)
	at play.db.jpa.DefaultJPAApi.withTransaction(DefaultJPAApi.java:126)
	at play.db.jpa.DefaultJPAApi.withTransaction(DefaultJPAApi.java:101)
	at play.db.jpa.DefaultJPAApi.withTransaction(DefaultJPAApi.java:110)
	at AdminInitializer.createDefaultAdmin(AdminInitializer.java:26)
	at AdminInitializer.<init>(AdminInitializer.java:23)
	at AdminInitializer$$FastClassByGuice$$5a37b833.newInstance(<generated>)
	at com.google.inject.internal.DefaultConstructionProxyFactory$FastClassProxy.newInstance(DefaultConstructionProxyFactory.java:89)
	at com.google.inject.internal.ConstructorInjector.provision(ConstructorInjector.java:114)
	at com.google.inject.internal.ConstructorInjector.construct(ConstructorInjector.java:91)
	at com.google.inject.internal.ConstructorBindingImpl$Factory.get(ConstructorBindingImpl.java:306)
	at com.google.inject.internal.ProviderToInternalFactoryAdapter.get(ProviderToInternalFactoryAdapter.java:40)
	at com.google.inject.internal.SingletonScope$1.get(SingletonScope.java:168)
	at com.google.inject.internal.InternalFactoryToProviderAdapter.get(InternalFactoryToProviderAdapter.java:39)
	at com.google.inject.internal.InternalInjectorCreator.loadEagerSingletons(InternalInjectorCreator.java:213)
	at com.google.inject.internal.InternalInjectorCreator.injectDynamically(InternalInjectorCreator.java:184)
	... 34 common frames omitted
Caused by: java.lang.IllegalArgumentException: Unsupported role: null
	at models.RoleConverter.convertToEntityAttribute(RoleConverter.java:29)
	at models.RoleConverter.convertToEntityAttribute(RoleConverter.java:6)
	at org.hibernate.metamodel.model.convert.internal.JpaAttributeConverterImpl.toDomainValue(JpaAttributeConverterImpl.java:45)
	at org.hibernate.type.descriptor.converter.AttributeConverterSqlTypeDescriptorAdapter$2.doConversion(AttributeConverterSqlTypeDescriptorAdapter.java:140)
	... 78 common frames omitted
2023-06-26 18:55:09,793 [INFO] from play.api.internal.libs.concurrent.CoordinatedShutdownSupport in pool-40-thread-3 - Starting synchronous coordinated shutdown with ServerStoppedReason reason and 35000 milliseconds timeout
2023-06-26 18:55:09,796 [INFO] from play.core.server.AkkaHttpServer in pool-40-thread-3 - Stopping Akka HTTP server...
2023-06-26 18:55:09,804 [INFO] from play.core.server.AkkaHttpServer in play-dev-mode-akka.actor.internal-dispatcher-11 - Terminating server binding for /0:0:0:0:0:0:0:0:9000
2023-06-26 18:55:09,817 [INFO] from play.core.server.AkkaHttpServer in play-dev-mode-akka.actor.internal-dispatcher-11 - Running provided shutdown stop hooks
